Acquiring state lock. This may take a few moments...
module.rds.random_password.master: Refreshing state... [id=none]
module.networking.aws_vpc.main: Refreshing state... [id=vpc-04e96b42db99e7940]
module.rds.aws_secretsmanager_secret.db["customers"]: Refreshing state... [id=arn:aws:secretsmanager:eu-west-1:135728714831:secret:spring-petclinic-ireland/rds/customers-Z9xLR1]
module.rds.aws_secretsmanager_secret.db["vets"]: Refreshing state... [id=arn:aws:secretsmanager:eu-west-1:135728714831:secret:spring-petclinic-ireland/rds/vets-mcVEJN]
module.eks.aws_iam_role.cluster: Refreshing state... [id=spring-petclinic-ireland-eks-cluster-role]
module.ecr.aws_ecr_repository.services["vets-service"]: Refreshing state... [id=spring-petclinic-ireland/vets-service]
module.ecr.aws_ecr_repository.services["api-gateway"]: Refreshing state... [id=spring-petclinic-ireland/api-gateway]
module.ecr.aws_ecr_repository.services["visits-service"]: Refreshing state... [id=spring-petclinic-ireland/visits-service]
module.rds.aws_secretsmanager_secret.db["visits"]: Refreshing state... [id=arn:aws:secretsmanager:eu-west-1:135728714831:secret:spring-petclinic-ireland/rds/visits-jd5HU5]
module.eks.aws_cloudwatch_log_group.eks: Refreshing state... [id=/aws/eks/spring-petclinic-ireland-eks/cluster]
module.rds.aws_db_parameter_group.mysql: Refreshing state... [id=spring-petclinic-ireland-mysql84]
module.ecr.aws_ecr_repository.services["customers-service"]: Refreshing state... [id=spring-petclinic-ireland/customers-service]
module.ecr.aws_ecr_repository.services["admin-server"]: Refreshing state... [id=spring-petclinic-ireland/admin-server]
module.ecr.aws_ecr_repository.services["config-server"]: Refreshing state... [id=spring-petclinic-ireland/config-server]
module.ecr.aws_ecr_repository.services["discovery-server"]: Refreshing state... [id=spring-petclinic-ireland/discovery-server]
module.ecr.aws_ecr_repository.services["genai-service"]: Refreshing state... [id=spring-petclinic-ireland/genai-service]
module.eks.aws_iam_role.node_group: Refreshing state... [id=spring-petclinic-ireland-eks-node-role]
module.ecr.data.aws_caller_identity.current: Reading...
module.ecr.data.aws_caller_identity.current: Read complete after 0s [id=135728714831]
module.ecr.aws_iam_policy.ecr_push: Refreshing state... [id=arn:aws:iam::135728714831:policy/spring-petclinic-ireland-ecr-push-policy]
module.ecr.aws_ecr_lifecycle_policy.services["customers-service"]: Refreshing state... [id=spring-petclinic-ireland/customers-service]
module.ecr.aws_ecr_lifecycle_policy.services["admin-server"]: Refreshing state... [id=spring-petclinic-ireland/admin-server]
module.ecr.aws_ecr_lifecycle_policy.services["visits-service"]: Refreshing state... [id=spring-petclinic-ireland/visits-service]
module.ecr.aws_ecr_lifecycle_policy.services["vets-service"]: Refreshing state... [id=spring-petclinic-ireland/vets-service]
module.ecr.aws_ecr_lifecycle_policy.services["discovery-server"]: Refreshing state... [id=spring-petclinic-ireland/discovery-server]
module.ecr.aws_ecr_lifecycle_policy.services["genai-service"]: Refreshing state... [id=spring-petclinic-ireland/genai-service]
module.ecr.aws_ecr_lifecycle_policy.services["api-gateway"]: Refreshing state... [id=spring-petclinic-ireland/api-gateway]
module.ecr.aws_ecr_lifecycle_policy.services["config-server"]: Refreshing state... [id=spring-petclinic-ireland/config-server]
module.networking.aws_internet_gateway.main: Refreshing state... [id=igw-06df1f2e82b7f3c65]
module.networking.aws_route_table.database: Refreshing state... [id=rtb-0eceae87fde449650]
module.networking.aws_subnet.public[0]: Refreshing state... [id=subnet-0da79d54a0cd04832]
module.eks.aws_security_group.nodes: Refreshing state... [id=sg-0d41bfb74423b9d98]
module.networking.aws_subnet.database[1]: Refreshing state... [id=subnet-03483e060418655ed]
module.networking.aws_subnet.public[1]: Refreshing state... [id=subnet-05d2e43df8a5635e0]
module.networking.aws_security_group.alb: Refreshing state... [id=sg-045606298ad381809]
module.networking.aws_subnet.database[0]: Refreshing state... [id=subnet-01b8c59877b7c5e0c]
module.eks.aws_security_group.cluster: Refreshing state... [id=sg-0f6de3726d19065ba]
module.networking.aws_security_group.monitoring: Refreshing state... [id=sg-0357994fb47e28c16]
module.networking.aws_subnet.private[0]: Refreshing state... [id=subnet-0ddffc704347a15ac]
module.networking.aws_subnet.private[1]: Refreshing state... [id=subnet-0907d3322c2cee32a]
module.networking.aws_route_table.public: Refreshing state... [id=rtb-0c688465efcf7cc23]
module.networking.aws_eip.nat[0]: Refreshing state... [id=eipalloc-0325544b8bead674d]
module.networking.aws_route_table_association.public[0]: Refreshing state... [id=rtbassoc-0f9550c1550bc4c48]
module.networking.aws_route_table_association.public[1]: Refreshing state... [id=rtbassoc-0ac5db4d0152f26ff]
module.networking.aws_route_table_association.database[1]: Refreshing state... [id=rtbassoc-0b9e45dfbd7479227]
module.networking.aws_route_table_association.database[0]: Refreshing state... [id=rtbassoc-0c765722e51ff35e2]
module.networking.aws_db_subnet_group.main: Refreshing state... [id=spring-petclinic-ireland-db-subnet-group]
module.eks.aws_security_group_rule.cluster_to_nodes_443: Refreshing state... [id=sgrule-970173003]
module.networking.aws_security_group.api_gateway: Refreshing state... [id=sg-0c68853017a4f6cca]
module.eks.aws_security_group_rule.cluster_to_nodes_ephemeral: Refreshing state... [id=sgrule-2781028053]
module.eks.aws_security_group_rule.nodes_to_cluster_443: Refreshing state... [id=sgrule-648552867]
module.eks.aws_security_group_rule.node_to_node: Refreshing state... [id=sgrule-1334102172]
module.networking.aws_nat_gateway.main[0]: Refreshing state... [id=nat-089589598c9b2ff60]
module.networking.aws_security_group.app_services: Refreshing state... [id=sg-026f2968b02c4c1a8]
module.networking.aws_route_table.private[1]: Refreshing state... [id=rtb-017c4b73f815f93f3]
module.networking.aws_route_table.private[0]: Refreshing state... [id=rtb-0ffa4da5f6a7315be]
module.networking.aws_security_group.database: Refreshing state... [id=sg-06ea685ff0914512a]
module.networking.aws_security_group.infra_services: Refreshing state... [id=sg-073c25ac4c82a5717]
module.networking.aws_route_table_association.private[1]: Refreshing state... [id=rtbassoc-011dcfbfacdd301b0]
module.networking.aws_route_table_association.private[0]: Refreshing state... [id=rtbassoc-0cbfb7f06d89c062c]

Terraform used the selected providers to generate the following execution
plan. Resource actions are indicated with the following symbols:
  + create
  ~ update in-place
 <= read (data resources)

Terraform will perform the following actions:

  # module.eks.data.tls_certificate.cluster will be read during apply
  # (config refers to values not yet known)
 <= data "tls_certificate" "cluster" {
      + certificates = (known after apply)
      + id           = (known after apply)
      + url          = (known after apply)
    }

  # module.eks.aws_eks_addon.coredns will be created
  + resource "aws_eks_addon" "coredns" {
      + addon_name                  = "coredns"
      + addon_version               = "v1.11.1-eksbuild.9"
      + arn                         = (known after apply)
      + cluster_name                = "spring-petclinic-ireland-eks"
      + configuration_values        = (known after apply)
      + created_at                  = (known after apply)
      + id                          = (known after apply)
      + modified_at                 = (known after apply)
      + resolve_conflicts_on_update = "OVERWRITE"
      + tags                        = {
          + "Name" = "spring-petclinic-ireland-coredns"
        }
      + tags_all                    = {
          + "Environment" = "ireland"
          + "ManagedBy"   = "terraform"
          + "Name"        = "spring-petclinic-ireland-coredns"
          + "Project"     = "spring-petclinic"
        }
    }

  # module.eks.aws_eks_addon.kube_proxy will be created
  + resource "aws_eks_addon" "kube_proxy" {
      + addon_name                  = "kube-proxy"
      + addon_version               = "v1.30.0-eksbuild.3"
      + arn                         = (known after apply)
      + cluster_name                = "spring-petclinic-ireland-eks"
      + configuration_values        = (known after apply)
      + created_at                  = (known after apply)
      + id                          = (known after apply)
      + modified_at                 = (known after apply)
      + resolve_conflicts_on_update = "OVERWRITE"
      + tags                        = {
          + "Name" = "spring-petclinic-ireland-kube-proxy"
        }
      + tags_all                    = {
          + "Environment" = "ireland"
          + "ManagedBy"   = "terraform"
          + "Name"        = "spring-petclinic-ireland-kube-proxy"
          + "Project"     = "spring-petclinic"
        }
    }

  # module.eks.aws_eks_addon.vpc_cni will be created
  + resource "aws_eks_addon" "vpc_cni" {
      + addon_name                  = "vpc-cni"
      + addon_version               = "v1.18.1-eksbuild.1"
      + arn                         = (known after apply)
      + cluster_name                = "spring-petclinic-ireland-eks"
      + configuration_values        = (known after apply)
      + created_at                  = (known after apply)
      + id                          = (known after apply)
      + modified_at                 = (known after apply)
      + resolve_conflicts_on_update = "OVERWRITE"
      + tags                        = {
          + "Name" = "spring-petclinic-ireland-vpc-cni"
        }
      + tags_all                    = {
          + "Environment" = "ireland"
          + "ManagedBy"   = "terraform"
          + "Name"        = "spring-petclinic-ireland-vpc-cni"
          + "Project"     = "spring-petclinic"
        }
    }

  # module.eks.aws_eks_cluster.main will be created
  + resource "aws_eks_cluster" "main" {
      + arn                           = (known after apply)
      + bootstrap_self_managed_addons = true
      + certificate_authority         = (known after apply)
      + cluster_id                    = (known after apply)
      + created_at                    = (known after apply)
      + enabled_cluster_log_types     = [
          + "api",
          + "audit",
          + "authenticator",
          + "controllerManager",
          + "scheduler",
        ]
      + endpoint                      = (known after apply)
      + id                            = (known after apply)
      + identity                      = (known after apply)
      + name                          = "spring-petclinic-ireland-eks"
      + platform_version              = (known after apply)
      + role_arn                      = "arn:aws:iam::135728714831:role/spring-petclinic-ireland-eks-cluster-role"
      + status                        = (known after apply)
      + tags                          = {
          + "Name" = "spring-petclinic-ireland-eks"
        }
      + tags_all                      = {
          + "Environment" = "ireland"
          + "ManagedBy"   = "terraform"
          + "Name"        = "spring-petclinic-ireland-eks"
          + "Project"     = "spring-petclinic"
        }
      + version                       = "1.30"

      + access_config (known after apply)

      + kubernetes_network_config (known after apply)

      + upgrade_policy (known after apply)

      + vpc_config {
          + cluster_security_group_id = (known after apply)
          + endpoint_private_access   = true
          + endpoint_public_access    = true
          + public_access_cidrs       = (known after apply)
          + security_group_ids        = [
              + "sg-0f6de3726d19065ba",
            ]
          + subnet_ids                = [
              + "subnet-05d2e43df8a5635e0",
              + "subnet-0907d3322c2cee32a",
              + "subnet-0da79d54a0cd04832",
              + "subnet-0ddffc704347a15ac",
            ]
          + vpc_id                    = (known after apply)
        }
    }

  # module.eks.aws_eks_node_group.app will be created
  + resource "aws_eks_node_group" "app" {
      + ami_type               = (known after apply)
      + arn                    = (known after apply)
      + capacity_type          = (known after apply)
      + cluster_name           = "spring-petclinic-ireland-eks"
      + disk_size              = (known after apply)
      + id                     = (known after apply)
      + instance_types         = [
          + "t3.medium",
        ]
      + labels                 = {
          + "role"     = "microservices"
          + "workload" = "app"
        }
      + node_group_name        = "spring-petclinic-ireland-app-nodes"
      + node_group_name_prefix = (known after apply)
      + node_role_arn          = "arn:aws:iam::135728714831:role/spring-petclinic-ireland-eks-node-role"
      + release_version        = (known after apply)
      + resources              = (known after apply)
      + status                 = (known after apply)
      + subnet_ids             = [
          + "subnet-0907d3322c2cee32a",
          + "subnet-0ddffc704347a15ac",
        ]
      + tags                   = {
          + "Name" = "spring-petclinic-ireland-app-nodes"
        }
      + tags_all               = {
          + "Environment" = "ireland"
          + "ManagedBy"   = "terraform"
          + "Name"        = "spring-petclinic-ireland-app-nodes"
          + "Project"     = "spring-petclinic"
        }
      + version                = (known after apply)

      + node_repair_config (known after apply)

      + scaling_config {
          + desired_size = 2
          + max_size     = 6
          + min_size     = 2
        }

      + update_config {
          + max_unavailable = 1
        }
    }

  # module.eks.aws_eks_node_group.infra will be created
  + resource "aws_eks_node_group" "infra" {
      + ami_type               = (known after apply)
      + arn                    = (known after apply)
      + capacity_type          = (known after apply)
      + cluster_name           = "spring-petclinic-ireland-eks"
      + disk_size              = (known after apply)
      + id                     = (known after apply)
      + instance_types         = [
          + "t3.small",
        ]
      + labels                 = {
          + "role"     = "config-discovery"
          + "workload" = "infra"
        }
      + node_group_name        = "spring-petclinic-ireland-infra-nodes"
      + node_group_name_prefix = (known after apply)
      + node_role_arn          = "arn:aws:iam::135728714831:role/spring-petclinic-ireland-eks-node-role"
      + release_version        = (known after apply)
      + resources              = (known after apply)
      + status                 = (known after apply)
      + subnet_ids             = [
          + "subnet-0907d3322c2cee32a",
          + "subnet-0ddffc704347a15ac",
        ]
      + tags                   = {
          + "Name" = "spring-petclinic-ireland-infra-nodes"
        }
      + tags_all               = {
          + "Environment" = "ireland"
          + "ManagedBy"   = "terraform"
          + "Name"        = "spring-petclinic-ireland-infra-nodes"
          + "Project"     = "spring-petclinic"
        }
      + version                = (known after apply)

      + node_repair_config (known after apply)

      + scaling_config {
          + desired_size = 2
          + max_size     = 3
          + min_size     = 1
        }

      + taint {
          + effect = "NO_SCHEDULE"
          + key    = "workload"
          + value  = "infra"
        }

      + update_config {
          + max_unavailable = 1
        }
    }

  # module.eks.aws_eks_node_group.monitoring will be created
  + resource "aws_eks_node_group" "monitoring" {
      + ami_type               = (known after apply)
      + arn                    = (known after apply)
      + capacity_type          = (known after apply)
      + cluster_name           = "spring-petclinic-ireland-eks"
      + disk_size              = (known after apply)
      + id                     = (known after apply)
      + instance_types         = [
          + "t3.small",
        ]
      + labels                 = {
          + "role"     = "observability"
          + "workload" = "monitoring"
        }
      + node_group_name        = "spring-petclinic-ireland-monitoring-nodes"
      + node_group_name_prefix = (known after apply)
      + node_role_arn          = "arn:aws:iam::135728714831:role/spring-petclinic-ireland-eks-node-role"
      + release_version        = (known after apply)
      + resources              = (known after apply)
      + status                 = (known after apply)
      + subnet_ids             = [
          + "subnet-0907d3322c2cee32a",
          + "subnet-0ddffc704347a15ac",
        ]
      + tags                   = {
          + "Name" = "spring-petclinic-ireland-monitoring-nodes"
        }
      + tags_all               = {
          + "Environment" = "ireland"
          + "ManagedBy"   = "terraform"
          + "Name"        = "spring-petclinic-ireland-monitoring-nodes"
          + "Project"     = "spring-petclinic"
        }
      + version                = (known after apply)

      + node_repair_config (known after apply)

      + scaling_config {
          + desired_size = 1
          + max_size     = 2
          + min_size     = 1
        }

      + taint {
          + effect = "NO_SCHEDULE"
          + key    = "workload"
          + value  = "monitoring"
        }

      + update_config {
          + max_unavailable = 1
        }
    }

  # module.eks.aws_iam_openid_connect_provider.cluster will be created
  + resource "aws_iam_openid_connect_provider" "cluster" {
      + arn             = (known after apply)
      + client_id_list  = [
          + "sts.amazonaws.com",
        ]
      + id              = (known after apply)
      + tags_all        = {
          + "Environment" = "ireland"
          + "ManagedBy"   = "terraform"
          + "Project"     = "spring-petclinic"
        }
      + thumbprint_list = (known after apply)
      + url             = (known after apply)
    }

  # module.eks.aws_iam_role_policy_attachment.cluster_policy will be created
  + resource "aws_iam_role_policy_attachment" "cluster_policy" {
      + id         = (known after apply)
      + policy_arn = "arn:aws:iam::aws:policy/AmazonEKSClusterPolicy"
      + role       = "spring-petclinic-ireland-eks-cluster-role"
    }

  # module.eks.aws_iam_role_policy_attachment.cluster_vpc_resource_controller will be created
  + resource "aws_iam_role_policy_attachment" "cluster_vpc_resource_controller" {
      + id         = (known after apply)
      + policy_arn = "arn:aws:iam::aws:policy/AmazonEKSVPCResourceController"
      + role       = "spring-petclinic-ireland-eks-cluster-role"
    }

  # module.eks.aws_iam_role_policy_attachment.node_cni_policy will be created
  + resource "aws_iam_role_policy_attachment" "node_cni_policy" {
      + id         = (known after apply)
      + policy_arn = "arn:aws:iam::aws:policy/AmazonEKS_CNI_Policy"
      + role       = "spring-petclinic-ireland-eks-node-role"
    }

  # module.eks.aws_iam_role_policy_attachment.node_ecr_readonly will be created
  + resource "aws_iam_role_policy_attachment" "node_ecr_readonly" {
      + id         = (known after apply)
      + policy_arn = "arn:aws:iam::aws:policy/AmazonEC2ContainerRegistryReadOnly"
      + role       = "spring-petclinic-ireland-eks-node-role"
    }

  # module.eks.aws_iam_role_policy_attachment.node_ssm_policy will be created
  + resource "aws_iam_role_policy_attachment" "node_ssm_policy" {
      + id         = (known after apply)
      + policy_arn = "arn:aws:iam::aws:policy/AmazonSSMManagedInstanceCore"
      + role       = "spring-petclinic-ireland-eks-node-role"
    }

  # module.eks.aws_iam_role_policy_attachment.node_worker_policy will be created
  + resource "aws_iam_role_policy_attachment" "node_worker_policy" {
      + id         = (known after apply)
      + policy_arn = "arn:aws:iam::aws:policy/AmazonEKSWorkerNodePolicy"
      + role       = "spring-petclinic-ireland-eks-node-role"
    }

  # module.networking.aws_db_subnet_group.main will be updated in-place
  ~ resource "aws_db_subnet_group" "main" {
        id                      = "spring-petclinic-ireland-db-subnet-group"
        name                    = "spring-petclinic-ireland-db-subnet-group"
      ~ subnet_ids              = [
          - "subnet-091c8ac705a67f98d",
          - "subnet-0ad6f48f3fb1b6bfa",
          + "subnet-01b8c59877b7c5e0c",
          + "subnet-03483e060418655ed",
        ]
        tags                    = {
            "Name" = "spring-petclinic-ireland-db-subnet-group"
        }
        # (6 unchanged attributes hidden)
    }

  # module.rds.aws_db_instance.main will be created
  + resource "aws_db_instance" "main" {
      + address                               = (known after apply)
      + allocated_storage                     = 20
      + apply_immediately                     = false
      + arn                                   = (known after apply)
      + auto_minor_version_upgrade            = true
      + availability_zone                     = (known after apply)
      + backup_retention_period               = 0
      + backup_target                         = (known after apply)
      + backup_window                         = "02:00-03:00"
      + ca_cert_identifier                    = (known after apply)
      + character_set_name                    = (known after apply)
      + copy_tags_to_snapshot                 = true
      + database_insights_mode                = (known after apply)
      + db_name                               = "petclinic"
      + db_subnet_group_name                  = "spring-petclinic-ireland-db-subnet-group"
      + dedicated_log_volume                  = false
      + delete_automated_backups              = true
      + deletion_protection                   = false
      + domain_fqdn                           = (known after apply)
      + enabled_cloudwatch_logs_exports       = [
          + "error",
          + "general",
          + "slowquery",
        ]
      + endpoint                              = (known after apply)
      + engine                                = "mysql"
      + engine_lifecycle_support              = (known after apply)
      + engine_version                        = "8.4.3"
      + engine_version_actual                 = (known after apply)
      + hosted_zone_id                        = (known after apply)
      + id                                    = (known after apply)
      + identifier                            = "spring-petclinic-ireland-mysql"
      + identifier_prefix                     = (known after apply)
      + instance_class                        = "db.t3.micro"
      + iops                                  = (known after apply)
      + kms_key_id                            = (known after apply)
      + latest_restorable_time                = (known after apply)
      + license_model                         = (known after apply)
      + listener_endpoint                     = (known after apply)
      + maintenance_window                    = "sun:04:00-sun:05:00"
      + master_user_secret                    = (known after apply)
      + master_user_secret_kms_key_id         = (known after apply)
      + max_allocated_storage                 = 100
      + monitoring_interval                   = 0
      + monitoring_role_arn                   = (known after apply)
      + multi_az                              = false
      + nchar_character_set_name              = (known after apply)
      + network_type                          = (known after apply)
      + option_group_name                     = (known after apply)
      + parameter_group_name                  = "spring-petclinic-ireland-mysql84"
      + password                              = (sensitive value)
      + password_wo                           = (write-only attribute)
      + performance_insights_enabled          = false
      + performance_insights_kms_key_id       = (known after apply)
      + performance_insights_retention_period = (known after apply)
      + port                                  = (known after apply)
      + publicly_accessible                   = false
      + replica_mode                          = (known after apply)
      + replicas                              = (known after apply)
      + resource_id                           = (known after apply)
      + skip_final_snapshot                   = true
      + snapshot_identifier                   = (known after apply)
      + status                                = (known after apply)
      + storage_encrypted                     = true
      + storage_throughput                    = (known after apply)
      + storage_type                          = "gp3"
      + tags                                  = {
          + "Name" = "spring-petclinic-ireland-mysql"
        }
      + tags_all                              = {
          + "Environment" = "ireland"
          + "ManagedBy"   = "terraform"
          + "Name"        = "spring-petclinic-ireland-mysql"
          + "Project"     = "spring-petclinic"
        }
      + timezone                              = (known after apply)
      + username                              = "petclinic_admin"
      + vpc_security_group_ids                = [
          + "sg-06ea685ff0914512a",
        ]
    }

  # module.rds.aws_secretsmanager_secret_version.db["customers"] will be created
  + resource "aws_secretsmanager_secret_version" "db" {
      + arn                  = (known after apply)
      + has_secret_string_wo = (known after apply)
      + id                   = (known after apply)
      + secret_id            = "arn:aws:secretsmanager:eu-west-1:135728714831:secret:spring-petclinic-ireland/rds/customers-Z9xLR1"
      + secret_string        = (sensitive value)
      + secret_string_wo     = (write-only attribute)
      + version_id           = (known after apply)
      + version_stages       = (known after apply)
    }

  # module.rds.aws_secretsmanager_secret_version.db["vets"] will be created
  + resource "aws_secretsmanager_secret_version" "db" {
      + arn                  = (known after apply)
      + has_secret_string_wo = (known after apply)
      + id                   = (known after apply)
      + secret_id            = "arn:aws:secretsmanager:eu-west-1:135728714831:secret:spring-petclinic-ireland/rds/vets-mcVEJN"
      + secret_string        = (sensitive value)
      + secret_string_wo     = (write-only attribute)
      + version_id           = (known after apply)
      + version_stages       = (known after apply)
    }

  # module.rds.aws_secretsmanager_secret_version.db["visits"] will be created
  + resource "aws_secretsmanager_secret_version" "db" {
      + arn                  = (known after apply)
      + has_secret_string_wo = (known after apply)
      + id                   = (known after apply)
      + secret_id            = "arn:aws:secretsmanager:eu-west-1:135728714831:secret:spring-petclinic-ireland/rds/visits-jd5HU5"
      + secret_string        = (sensitive value)
      + secret_string_wo     = (write-only attribute)
      + version_id           = (known after apply)
      + version_stages       = (known after apply)
    }

Plan: 18 to add, 1 to change, 0 to destroy.

Changes to Outputs:
  + db_address            = (known after apply)
  + db_endpoint           = (known after apply)
  + eks_cluster_endpoint  = (known after apply)
  + eks_cluster_name      = "spring-petclinic-ireland-eks"
  + eks_oidc_provider_arn = (known after apply)
  + kubeconfig_command    = "aws eks update-kubeconfig --region eu-west-1 --name spring-petclinic-ireland-eks"

─────────────────────────────────────────────────────────────────────────────

Note: You didn't use the -out option to save this plan, so Terraform can't
guarantee to take exactly these actions if you run "terraform apply" now.
Releasing state lock. This may take a few moments...
